<?xml version="1.0" encoding="UTF-8"?>
<!-- Generated by org.testng.reporters.JUnitXMLReporter -->
<testsuite ignored="3" hostname="DESKTOP-KPD9GDN" failures="0" tests="1" name="Default test" time="11.217" errors="0" timestamp="2024-06-27T15:48:17 IST">
  <testcase classname="RestAssuredPractise.RestAssuredPro.basicOath" name="apiKeyOath" time="10.951"/>
  <testcase classname="RestAssuredPractise.RestAssuredPro.basicOath" name="basicOath" time="0.0">
    <ignored/>
  </testcase> <!-- basicOath -->
  <testcase classname="RestAssuredPractise.RestAssuredPro.basicOath" name="BearerOath" time="0.0">
    <ignored/>
  </testcase> <!-- BearerOath -->
  <testcase classname="RestAssuredPractise.RestAssuredPro.basicOath" name="digestOath" time="0.0">
    <ignored/>
  </testcase> <!-- digestOath -->
</testsuite> <!-- Default test -->
