<?xml version="1.0" encoding="UTF-8"?>
<testng-results ignored="3" total="4" passed="1" failed="0" skipped="0">
  <reporter-output>
  </reporter-output>
  <suite started-at="2024-06-27T15:48:06 IST" name="Default suite" finished-at="2024-06-27T15:48:17 IST" duration-ms="11217">
    <groups>
    </groups>
    <test started-at="2024-06-27T15:48:06 IST" name="Default test" finished-at="2024-06-27T15:48:17 IST" duration-ms="11217">
      <class name="RestAssuredPractise.RestAssuredPro.basicOath">
        <test-method signature="apiKeyOath()[pri:0, instance:RestAssuredPractise.RestAssuredPro.basicOath@2892dae4]" started-at="2024-06-27T15:48:06 IST" name="apiKeyOath" finished-at="2024-06-27T15:48:17 IST" duration-ms="10951" status="PASS">
          <reporter-output>
          </reporter-output>
        </test-method> <!-- apiKeyOath -->
      </class> <!-- RestAssuredPractise.RestAssuredPro.basicOath -->
    </test> <!-- Default test -->
  </suite> <!-- Default suite -->
</testng-results>
